<?xml version="1.0" encoding="UTF-8"?>
<testng-results ignored="0" total="1" passed="0" failed="1" skipped="0">
  <reporter-output>
  </reporter-output>
  <suite started-at="2023-04-17T21:45:26 IST" name="Suite" finished-at="2023-04-17T21:45:37 IST" duration-ms="10325">
    <groups>
    </groups>
    <test started-at="2023-04-17T21:45:26 IST" name="Test" finished-at="2023-04-17T21:45:37 IST" duration-ms="10325">
      <class name="com.test.AccountsOverviewValidation">
        <test-method is-config="true" signature="start()[pri:0, instance:com.test.AccountsOverviewValidation@f78a47e]" started-at="2023-04-17T21:45:26 IST" name="start" finished-at="2023-04-17T21:45:33 IST" duration-ms="7103" status="PASS">
          <reporter-output>
          </reporter-output>
        </test-method> <!-- start -->
        <test-method signature="registerNewUser()[pri:0, instance:com.test.AccountsOverviewValidation@f78a47e]" started-at="2023-04-17T21:45:33 IST" name="registerNewUser" finished-at="2023-04-17T21:45:35 IST" duration-ms="1947" status="FAIL">
          <exception class="java.lang.AssertionError">
            <message>
              <![CDATA[expected [ParaBank | Accounts Overview] but found [ParaBank | Error]]]>
            </message>
            <full-stacktrace>
              <![CDATA[java.lang.AssertionError: expected [ParaBank | Accounts Overview] but found [ParaBank | Error]
at org.testng.Assert.fail(Assert.java:110)
at org.testng.Assert.failNotEquals(Assert.java:1577)
at org.testng.Assert.assertEqualsImpl(Assert.java:149)
at org.testng.Assert.assertEquals(Assert.java:131)
at org.testng.Assert.assertEquals(Assert.java:655)
at org.testng.Assert.assertEquals(Assert.java:665)
at com.pages.AccountsOverviewPage.validateAccountsOverviewPage(AccountsOverviewPage.java:22)
at com.test.AccountsOverviewValidation.registerNewUser(AccountsOverviewValidation.java:30)
at java.base/jdk.internal.reflect.NativeMethodAccessorImpl.invoke0(Native Method)
at java.base/jdk.internal.reflect.NativeMethodAccessorImpl.invoke(NativeMethodAccessorImpl.java:77)
at java.base/jdk.internal.reflect.DelegatingMethodAccessorImpl.invoke(DelegatingMethodAccessorImpl.java:43)
at java.base/java.lang.reflect.Method.invoke(Method.java:568)
at org.testng.internal.invokers.MethodInvocationHelper.invokeMethod(MethodInvocationHelper.java:139)
at org.testng.internal.invokers.TestInvoker.invokeMethod(TestInvoker.java:677)
at org.testng.internal.invokers.TestInvoker.invokeTestMethod(TestInvoker.java:221)
at org.testng.internal.invokers.MethodRunner.runInSequence(MethodRunner.java:50)
at org.testng.internal.invokers.TestInvoker$MethodInvocationAgent.invoke(TestInvoker.java:969)
at org.testng.internal.invokers.TestInvoker.invokeTestMethods(TestInvoker.java:194)
at org.testng.internal.invokers.TestMethodWorker.invokeTestMethods(TestMethodWorker.java:148)
at org.testng.internal.invokers.TestMethodWorker.run(TestMethodWorker.java:128)
at java.base/java.util.ArrayList.forEach(ArrayList.java:1511)
at org.testng.TestRunner.privateRun(TestRunner.java:829)
at org.testng.TestRunner.run(TestRunner.java:602)
at org.testng.SuiteRunner.runTest(SuiteRunner.java:437)
at org.testng.SuiteRunner.runSequentially(SuiteRunner.java:431)
at org.testng.SuiteRunner.privateRun(SuiteRunner.java:391)
at org.testng.SuiteRunner.run(SuiteRunner.java:330)
at org.testng.SuiteRunnerWorker.runSuite(SuiteRunnerWorker.java:52)
at org.testng.SuiteRunnerWorker.run(SuiteRunnerWorker.java:95)
at org.testng.TestNG.runSuitesSequentially(TestNG.java:1256)
at org.testng.TestNG.runSuitesLocally(TestNG.java:1176)
at org.testng.TestNG.runSuites(TestNG.java:1099)
at org.testng.TestNG.run(TestNG.java:1067)
at org.testng.remote.AbstractRemoteTestNG.run(AbstractRemoteTestNG.java:115)
at org.testng.remote.RemoteTestNG.initAndRun(RemoteTestNG.java:251)
at org.testng.remote.RemoteTestNG.main(RemoteTestNG.java:77)
]]>
            </full-stacktrace>
          </exception> <!-- java.lang.AssertionError -->
          <reporter-output>
          </reporter-output>
        </test-method> <!-- registerNewUser -->
        <test-method is-config="true" signature="end()[pri:0, instance:com.test.AccountsOverviewValidation@f78a47e]" started-at="2023-04-17T21:45:35 IST" name="end" finished-at="2023-04-17T21:45:37 IST" duration-ms="1250" status="PASS">
          <reporter-output>
          </reporter-output>
        </test-method> <!-- end -->
      </class> <!-- com.test.AccountsOverviewValidation -->
    </test> <!-- Test -->
  </suite> <!-- Suite -->
</testng-results>
